2016-06-19 14:11:42 INFO  AppDB:130 - all Orders loaded
2016-06-19 14:11:42 INFO  AppDB:112 - all Users loaded
2016-06-19 14:11:42 INFO  AppDB:148 - BlackList Loaded
2016-06-19 14:11:42 INFO  Server:36 - Start TaxiApp Server 
 Port: 8080
2016-06-19 14:12:05 TRACE OrderServiceImpl:118 - getAllOrders size:3
2016-06-19 14:12:05 TRACE Server:51 - Send object N: 1
2016-06-19 14:12:07 TRACE OrderServiceImpl:169 - getStatusCounterMap:  newOrder:2; done: 1; inProgress: 0
2016-06-19 14:12:07 TRACE Server:51 - Send object N: 2
2016-06-19 14:12:07 TRACE OrderServiceImpl:100 - ordersRegisteredQuantity: 3
2016-06-19 14:12:07 TRACE Server:51 - Send object N: 3
2016-06-19 14:12:07 TRACE UserServiceImpl:60 - driverRegisteredQuantity: 4
2016-06-19 14:12:07 TRACE Server:51 - Send object N: 4
2016-06-19 14:12:07 TRACE UserServiceImpl:73 - passangerRegisteredQuantity: 3
2016-06-19 14:12:07 TRACE Server:51 - Send object N: 5
2016-06-19 14:12:07 TRACE UserServiceImpl:73 - passangerRegisteredQuantity: 3
2016-06-19 14:12:07 TRACE Server:51 - Send object N: 6
2016-06-19 14:12:07 TRACE UserServiceImpl:60 - driverRegisteredQuantity: 4
2016-06-19 14:12:07 TRACE Server:51 - Send object N: 7
2016-06-19 14:12:38 TRACE UserServiceImpl:82 - login: Passanger{homeAdress=ул. Ентузиастов 27User{phone='(093)306-01-13', pass='******', name='Andrey'}}
2016-06-19 14:12:38 TRACE Server:51 - Send object N: 8
2016-06-19 14:12:38 TRACE OrderServiceImpl:52 - getOrderOrder{from=ул. Ентузиастов 27, to=ул. Хрещатик 1, userPhone='(093)306-01-13', userName='Andrey', driverPhone='(063)306-01-13', price=88.05, distance=9610.0, createTime=2016-06-17T16:41:17.255, orderStatus=DONE}
2016-06-19 14:12:38 TRACE Server:51 - Send object N: 9
2016-06-19 14:13:00 TRACE OrderServiceImpl:180 - getDistance: from ул. Ентузиастов 27  to Старокиєвська 10 = 13123.000000
2016-06-19 14:13:00 TRACE Server:51 - Send object N: 10
2016-06-19 14:13:00 TRACE OrderServiceImpl:180 - getDistance: from ул. Ентузиастов 27  to Старокиєвська 10 = 13123.000000
2016-06-19 14:13:00 TRACE OrderServiceImpl:187 - getPrice: for distance 13123.000000 = 105.615000
2016-06-19 14:13:00 TRACE OrderServiceImpl:193 - getDistance: from ул. Ентузиастов 27  to Старокиєвська 10 = 105.615000
2016-06-19 14:13:00 TRACE Server:51 - Send object N: 11
2016-06-19 14:13:13 TRACE OrderServiceImpl:180 - getDistance: from ул. Ентузиастов 27  to Старокиєвська 10 = 13123.000000
2016-06-19 14:13:13 TRACE OrderServiceImpl:187 - getPrice: for distance 13123.000000 = 105.615000
2016-06-19 14:13:13 TRACE OrderServiceImpl:193 - getDistance: from ул. Ентузиастов 27  to Старокиєвська 10 = 105.615000
2016-06-19 14:13:13 TRACE OrderServiceImpl:180 - getDistance: from ул. Ентузиастов 27  to Старокиєвська 10 = 13123.000000
2016-06-19 14:13:13 WARN  OrderServiceImpl:43 - Order Creation: You already have active orders
2016-06-19 14:13:13 TRACE Server:51 - Send object N: 12
2016-06-19 14:13:19 TRACE OrderServiceImpl:180 - getDistance: from ул. Ентузиастов 27  to Старокиєвська 10 = 13123.000000
2016-06-19 14:13:19 TRACE OrderServiceImpl:187 - getPrice: for distance 13123.000000 = 105.615000
2016-06-19 14:13:19 TRACE OrderServiceImpl:193 - getDistance: from ул. Ентузиастов 27  to Старокиєвська 10 = 105.615000
2016-06-19 14:13:20 TRACE OrderServiceImpl:180 - getDistance: from ул. Ентузиастов 27  to Старокиєвська 10 = 13123.000000
2016-06-19 14:13:20 WARN  OrderServiceImpl:43 - Order Creation: You already have active orders
2016-06-19 14:13:20 TRACE Server:51 - Send object N: 13
2016-06-26 09:17:38 INFO  AppDB:26 - init AppDB
2016-06-26 09:17:39 INFO  AppDB:132 - all Orders loaded
2016-06-26 09:17:39 INFO  AppDB:114 - all Users loaded
2016-06-26 09:17:39 INFO  AppDB:150 - BlackList Loaded
2016-06-26 09:17:39 INFO  OrderServiceImpl:29 - init OrderServiceImpl
2016-06-26 09:17:39 INFO  UserServiceImpl:21 - init UserServiceImpl
2016-06-26 09:17:39 INFO  Server:36 - Start TaxiApp Server 
 Port: 8080
2016-06-26 09:17:50 TRACE OrderServiceImpl:138 - getNewOrders size:1
2016-06-26 09:17:50 TRACE Server:51 - Send object N: 1
2016-06-26 09:17:53 TRACE OrderServiceImpl:180 - getStatusCounterMap:  newOrder:1; done: 1; inProgress: 0
2016-06-26 09:17:53 TRACE Server:51 - Send object N: 2
2016-06-26 09:17:53 TRACE OrderServiceImpl:106 - ordersRegisteredQuantity: 2
2016-06-26 09:17:53 TRACE Server:51 - Send object N: 3
2016-06-26 09:17:53 TRACE UserServiceImpl:62 - driverRegisteredQuantity: 4
2016-06-26 09:17:53 TRACE Server:51 - Send object N: 4
2016-06-26 09:17:53 TRACE UserServiceImpl:75 - passangerRegisteredQuantity: 4
2016-06-26 09:17:53 TRACE Server:51 - Send object N: 5
2016-06-26 09:17:53 TRACE UserServiceImpl:75 - passangerRegisteredQuantity: 4
2016-06-26 09:17:53 TRACE Server:51 - Send object N: 6
2016-06-26 09:17:53 TRACE UserServiceImpl:62 - driverRegisteredQuantity: 4
2016-06-26 09:17:53 TRACE Server:51 - Send object N: 7
2016-06-26 09:18:15 TRACE UserServiceImpl:84 - login: Passanger{homeAdress=ул. Ентузиастов 27User{phone='(093)306-01-13', pass='******', name='Andrey'}}
2016-06-26 09:18:15 TRACE Server:51 - Send object N: 8
2016-06-26 09:18:15 WARN  OrderServiceImpl:61 - Get Order. You don`t have any orders
2016-06-26 09:18:15 TRACE Server:51 - Send object N: 9
2016-06-26 09:18:30 TRACE OrderServiceImpl:191 - getDistance: from ул. Ентузиастов 27  to Ушинського 3 = 15310.000000
2016-06-26 09:18:30 TRACE Server:51 - Send object N: 10
2016-06-26 09:18:30 TRACE OrderServiceImpl:191 - getDistance: from ул. Ентузиастов 27  to Ушинського 3 = 15310.000000
2016-06-26 09:18:30 TRACE OrderServiceImpl:198 - getPrice: for distance 15310.000000 = 116.550000
2016-06-26 09:18:30 TRACE OrderServiceImpl:204 - getDistance: from ул. Ентузиастов 27  to Ушинського 3 = 116.550000
2016-06-26 09:18:30 TRACE Server:51 - Send object N: 11
2016-06-26 09:20:04 TRACE OrderServiceImpl:191 - getDistance: from ул. Ентузиастов 27  to Ушинського 3 = 15310.000000
2016-06-26 09:20:04 TRACE Server:51 - Send object N: 12
2016-06-26 09:20:04 TRACE OrderServiceImpl:191 - getDistance: from ул. Ентузиастов 27  to Ушинського 3 = 15310.000000
2016-06-26 09:20:04 TRACE OrderServiceImpl:198 - getPrice: for distance 15310.000000 = 116.550000
2016-06-26 09:20:04 TRACE OrderServiceImpl:204 - getDistance: from ул. Ентузиастов 27  to Ушинського 3 = 116.550000
2016-06-26 09:20:04 TRACE Server:51 - Send object N: 13
2016-06-26 15:38:27 INFO  AppDB:26 - init AppDB
2016-06-26 15:38:28 INFO  AppDB:132 - all Orders loaded
2016-06-26 15:38:28 INFO  AppDB:114 - all Users loaded
2016-06-26 15:38:28 INFO  AppDB:150 - BlackList Loaded
2016-06-26 15:38:28 INFO  OrderServiceImpl:29 - init OrderServiceImpl
2016-06-26 15:38:28 INFO  UserServiceImpl:21 - init UserServiceImpl
2016-06-26 15:38:28 INFO  Server:36 - Start TaxiApp Server 
 Port: 8080
2016-06-26 20:55:07 INFO  AppDB:26 - init AppDB
2016-06-26 20:55:07 INFO  AppDB:132 - all Orders loaded
2016-06-26 20:55:07 INFO  AppDB:114 - all Users loaded
2016-06-26 20:55:07 INFO  AppDB:150 - BlackList Loaded
2016-06-26 20:55:07 INFO  OrderServiceImpl:29 - init OrderServiceImpl
2016-06-26 20:55:07 INFO  UserServiceImpl:21 - init UserServiceImpl
2016-06-26 20:55:07 INFO  Server:36 - Start TaxiApp Server 
 Port: 8080
2016-06-26 20:55:13 TRACE OrderServiceImpl:138 - getNewOrders size:1
2016-06-26 20:55:13 TRACE Server:51 - Send object N: 1
2016-06-26 20:55:14 TRACE OrderServiceImpl:180 - getStatusCounterMap:  newOrder:1; done: 1; inProgress: 1
2016-06-26 20:55:14 TRACE Server:51 - Send object N: 2
2016-06-26 20:55:14 TRACE OrderServiceImpl:106 - ordersRegisteredQuantity: 3
2016-06-26 20:55:14 TRACE Server:51 - Send object N: 3
2016-06-26 20:55:15 TRACE UserServiceImpl:62 - driverRegisteredQuantity: 4
2016-06-26 20:55:15 TRACE Server:51 - Send object N: 4
2016-06-26 20:55:15 TRACE UserServiceImpl:75 - passangerRegisteredQuantity: 4
2016-06-26 20:55:15 TRACE Server:51 - Send object N: 5
2016-06-26 20:55:15 TRACE UserServiceImpl:75 - passangerRegisteredQuantity: 4
2016-06-26 20:55:15 TRACE Server:51 - Send object N: 6
2016-06-26 20:55:15 TRACE UserServiceImpl:62 - driverRegisteredQuantity: 4
2016-06-26 20:55:15 TRACE Server:51 - Send object N: 7
2016-06-26 20:55:16 ERROR Server:54 - Exception caught when trying to listen on port 8080 or listening for a connection
java.io.EOFException
	at java.io.ObjectInputStream$BlockDataInputStream.peekByte(ObjectInputStream.java:2626)
	at java.io.ObjectInputStream.readObject0(ObjectInputStream.java:1321)
	at java.io.ObjectInputStream.readObject(ObjectInputStream.java:373)
	at ua.taxi.remote.Server.run(Server.java:47)
	at ua.taxi.remote.Server.<init>(Server.java:37)
	at ua.taxi.remote.Server.main(Server.java:74)
	at sun.reflect.NativeMethodAccessorImpl.invoke0(Native Method)
	at sun.reflect.NativeMethodAccessorImpl.invoke(NativeMethodAccessorImpl.java:62)
	at sun.reflect.DelegatingMethodAccessorImpl.invoke(DelegatingMethodAccessorImpl.java:43)
	at java.lang.reflect.Method.invoke(Method.java:498)
	at com.intellij.rt.execution.application.AppMain.main(AppMain.java:144)
2016-06-26 20:55:16 INFO  AppDB:105 - saved all Users
2016-06-26 20:55:16 INFO  AppDB:123 - saved all Orders
2016-06-26 20:55:16 INFO  AppDB:141 - saved BlackList
2016-06-26 20:56:12 INFO  AppDB:26 - init AppDB
2016-06-26 20:56:13 INFO  AppDB:132 - all Orders loaded
2016-06-26 20:56:13 INFO  AppDB:114 - all Users loaded
2016-06-26 20:56:13 INFO  AppDB:150 - BlackList Loaded
2016-06-26 20:56:13 INFO  OrderServiceImpl:29 - init OrderServiceImpl
2016-06-26 20:56:13 INFO  UserServiceImpl:21 - init UserServiceImpl
2016-06-26 20:56:13 INFO  Server:36 - Start TaxiApp Server 
 Port: 8080
2016-06-26 20:56:16 TRACE OrderServiceImpl:138 - getNewOrders size:1
2016-06-26 20:56:16 TRACE Server:51 - Send object N: 1
2016-06-26 20:56:17 TRACE OrderServiceImpl:180 - getStatusCounterMap:  newOrder:1; done: 1; inProgress: 1
2016-06-26 20:56:17 TRACE Server:51 - Send object N: 2
2016-06-26 20:56:17 TRACE OrderServiceImpl:106 - ordersRegisteredQuantity: 3
2016-06-26 20:56:17 TRACE Server:51 - Send object N: 3
2016-06-26 20:56:18 TRACE UserServiceImpl:62 - driverRegisteredQuantity: 4
2016-06-26 20:56:18 TRACE Server:51 - Send object N: 4
2016-06-26 20:56:18 TRACE UserServiceImpl:75 - passangerRegisteredQuantity: 4
2016-06-26 20:56:18 TRACE Server:51 - Send object N: 5
2016-06-26 20:56:18 TRACE UserServiceImpl:75 - passangerRegisteredQuantity: 4
2016-06-26 20:56:18 TRACE Server:51 - Send object N: 6
2016-06-26 20:56:18 TRACE UserServiceImpl:62 - driverRegisteredQuantity: 4
2016-06-26 20:56:18 TRACE Server:51 - Send object N: 7
2016-06-26 20:56:19 ERROR Server:54 - Exception caught when trying to listen on port 8080 or listening for a connection
java.io.EOFException
	at java.io.ObjectInputStream$BlockDataInputStream.peekByte(ObjectInputStream.java:2626)
	at java.io.ObjectInputStream.readObject0(ObjectInputStream.java:1321)
	at java.io.ObjectInputStream.readObject(ObjectInputStream.java:373)
	at ua.taxi.remote.Server.run(Server.java:47)
	at ua.taxi.remote.Server.<init>(Server.java:37)
	at ua.taxi.remote.Server.main(Server.java:74)
	at sun.reflect.NativeMethodAccessorImpl.invoke0(Native Method)
	at sun.reflect.NativeMethodAccessorImpl.invoke(NativeMethodAccessorImpl.java:62)
	at sun.reflect.DelegatingMethodAccessorImpl.invoke(DelegatingMethodAccessorImpl.java:43)
	at java.lang.reflect.Method.invoke(Method.java:498)
	at com.intellij.rt.execution.application.AppMain.main(AppMain.java:144)
2016-06-26 20:56:19 INFO  AppDB:105 - saved all Users
2016-06-26 20:56:19 INFO  AppDB:123 - saved all Orders
2016-06-26 20:56:19 INFO  AppDB:141 - saved BlackList
2016-06-26 20:57:02 INFO  AppDB:26 - init AppDB
2016-06-26 20:57:03 INFO  AppDB:132 - all Orders loaded
2016-06-26 20:57:03 INFO  AppDB:114 - all Users loaded
2016-06-26 20:57:03 INFO  AppDB:150 - BlackList Loaded
2016-06-26 20:57:03 INFO  OrderServiceImpl:29 - init OrderServiceImpl
2016-06-26 20:57:03 INFO  UserServiceImpl:21 - init UserServiceImpl
2016-06-26 20:57:03 INFO  Server:36 - Start TaxiApp Server 
 Port: 8080
2016-06-26 20:57:06 TRACE OrderServiceImpl:138 - getNewOrders size:1
2016-06-26 20:57:06 TRACE Server:51 - Send object N: 1
2016-06-26 20:57:07 TRACE OrderServiceImpl:180 - getStatusCounterMap:  newOrder:1; done: 1; inProgress: 1
2016-06-26 20:57:07 TRACE Server:51 - Send object N: 2
2016-06-26 20:57:07 TRACE OrderServiceImpl:106 - ordersRegisteredQuantity: 3
2016-06-26 20:57:07 TRACE Server:51 - Send object N: 3
2016-06-26 20:57:07 TRACE UserServiceImpl:62 - driverRegisteredQuantity: 4
2016-06-26 20:57:07 TRACE Server:51 - Send object N: 4
2016-06-26 20:57:08 TRACE UserServiceImpl:75 - passangerRegisteredQuantity: 4
2016-06-26 20:57:08 TRACE Server:51 - Send object N: 5
2016-06-26 20:57:08 TRACE UserServiceImpl:75 - passangerRegisteredQuantity: 4
2016-06-26 20:57:08 TRACE Server:51 - Send object N: 6
2016-06-26 20:57:08 TRACE UserServiceImpl:62 - driverRegisteredQuantity: 4
2016-06-26 20:57:08 TRACE Server:51 - Send object N: 7
2016-06-26 20:57:13 ERROR Server:54 - Exception caught when trying to listen on port 8080 or listening for a connection
java.io.EOFException
	at java.io.ObjectInputStream$BlockDataInputStream.peekByte(ObjectInputStream.java:2626)
	at java.io.ObjectInputStream.readObject0(ObjectInputStream.java:1321)
	at java.io.ObjectInputStream.readObject(ObjectInputStream.java:373)
	at ua.taxi.remote.Server.run(Server.java:47)
	at ua.taxi.remote.Server.<init>(Server.java:37)
	at ua.taxi.remote.Server.main(Server.java:74)
	at sun.reflect.NativeMethodAccessorImpl.invoke0(Native Method)
	at sun.reflect.NativeMethodAccessorImpl.invoke(NativeMethodAccessorImpl.java:62)
	at sun.reflect.DelegatingMethodAccessorImpl.invoke(DelegatingMethodAccessorImpl.java:43)
	at java.lang.reflect.Method.invoke(Method.java:498)
	at com.intellij.rt.execution.application.AppMain.main(AppMain.java:144)
2016-06-26 20:57:13 INFO  AppDB:105 - saved all Users
2016-06-26 20:57:13 INFO  AppDB:123 - saved all Orders
2016-06-26 20:57:13 INFO  AppDB:141 - saved BlackList
2016-06-26 20:58:21 INFO  AppDB:26 - init AppDB
2016-06-26 20:58:21 INFO  AppDB:132 - all Orders loaded
2016-06-26 20:58:21 INFO  AppDB:114 - all Users loaded
2016-06-26 20:58:21 INFO  AppDB:150 - BlackList Loaded
2016-06-26 20:58:21 INFO  OrderServiceImpl:29 - init OrderServiceImpl
2016-06-26 20:58:21 INFO  UserServiceImpl:21 - init UserServiceImpl
2016-06-26 20:58:21 INFO  Server:36 - Start TaxiApp Server 
 Port: 8080
2016-06-26 20:58:24 TRACE OrderServiceImpl:138 - getNewOrders size:1
2016-06-26 20:58:24 TRACE Server:51 - Send object N: 1
2016-06-26 20:58:25 TRACE OrderServiceImpl:180 - getStatusCounterMap:  newOrder:1; done: 1; inProgress: 1
2016-06-26 20:58:25 TRACE Server:51 - Send object N: 2
2016-06-26 20:58:25 TRACE OrderServiceImpl:106 - ordersRegisteredQuantity: 3
2016-06-26 20:58:25 TRACE Server:51 - Send object N: 3
2016-06-26 20:58:25 TRACE UserServiceImpl:62 - driverRegisteredQuantity: 4
2016-06-26 20:58:25 TRACE Server:51 - Send object N: 4
2016-06-26 20:58:25 TRACE UserServiceImpl:75 - passangerRegisteredQuantity: 4
2016-06-26 20:58:25 TRACE Server:51 - Send object N: 5
2016-06-26 20:58:25 TRACE UserServiceImpl:75 - passangerRegisteredQuantity: 4
2016-06-26 20:58:25 TRACE Server:51 - Send object N: 6
2016-06-26 20:58:25 TRACE UserServiceImpl:62 - driverRegisteredQuantity: 4
2016-06-26 20:58:25 TRACE Server:51 - Send object N: 7
2016-06-26 20:58:40 ERROR Server:54 - Exception caught when trying to listen on port 8080 or listening for a connection
java.io.EOFException
	at java.io.ObjectInputStream$BlockDataInputStream.peekByte(ObjectInputStream.java:2626)
	at java.io.ObjectInputStream.readObject0(ObjectInputStream.java:1321)
	at java.io.ObjectInputStream.readObject(ObjectInputStream.java:373)
	at ua.taxi.remote.Server.run(Server.java:47)
	at ua.taxi.remote.Server.<init>(Server.java:37)
	at ua.taxi.remote.Server.main(Server.java:74)
	at sun.reflect.NativeMethodAccessorImpl.invoke0(Native Method)
	at sun.reflect.NativeMethodAccessorImpl.invoke(NativeMethodAccessorImpl.java:62)
	at sun.reflect.DelegatingMethodAccessorImpl.invoke(DelegatingMethodAccessorImpl.java:43)
	at java.lang.reflect.Method.invoke(Method.java:498)
	at com.intellij.rt.execution.application.AppMain.main(AppMain.java:144)
2016-06-26 20:58:40 INFO  AppDB:105 - saved all Users
2016-06-26 20:58:40 INFO  AppDB:123 - saved all Orders
2016-06-26 20:58:40 INFO  AppDB:141 - saved BlackList
2016-06-26 20:59:07 INFO  AppDB:26 - init AppDB
2016-06-26 20:59:07 INFO  AppDB:132 - all Orders loaded
2016-06-26 20:59:07 INFO  AppDB:114 - all Users loaded
2016-06-26 20:59:07 INFO  AppDB:150 - BlackList Loaded
2016-06-26 20:59:07 INFO  OrderServiceImpl:29 - init OrderServiceImpl
2016-06-26 20:59:07 INFO  UserServiceImpl:21 - init UserServiceImpl
2016-06-26 20:59:07 INFO  Server:36 - Start TaxiApp Server 
 Port: 8080
2016-06-26 20:59:11 TRACE OrderServiceImpl:138 - getNewOrders size:1
2016-06-26 20:59:11 TRACE Server:51 - Send object N: 1
2016-06-26 20:59:12 TRACE OrderServiceImpl:180 - getStatusCounterMap:  newOrder:1; done: 1; inProgress: 1
2016-06-26 20:59:12 TRACE Server:51 - Send object N: 2
2016-06-26 20:59:12 TRACE OrderServiceImpl:106 - ordersRegisteredQuantity: 3
2016-06-26 20:59:12 TRACE Server:51 - Send object N: 3
2016-06-26 20:59:12 TRACE UserServiceImpl:62 - driverRegisteredQuantity: 4
2016-06-26 20:59:12 TRACE Server:51 - Send object N: 4
2016-06-26 20:59:12 TRACE UserServiceImpl:75 - passangerRegisteredQuantity: 4
2016-06-26 20:59:12 TRACE Server:51 - Send object N: 5
2016-06-26 20:59:12 TRACE UserServiceImpl:75 - passangerRegisteredQuantity: 4
2016-06-26 20:59:12 TRACE Server:51 - Send object N: 6
2016-06-26 20:59:12 TRACE UserServiceImpl:62 - driverRegisteredQuantity: 4
2016-06-26 20:59:12 TRACE Server:51 - Send object N: 7
2016-06-26 20:59:32 TRACE UserServiceImpl:84 - login: Driver{car=AA3254AE Daewoo LanosUser{phone='(063)306-01-13', pass='******', name='Lihach'}}
2016-06-26 20:59:32 TRACE Server:51 - Send object N: 8
2016-06-26 20:59:32 TRACE OrderServiceImpl:149 - getOrderInProgresByDriverPhone: Order{from=ул. Ентузиастов 27, to=Василькывська 3, userPhone='(093)306-01-13', userName='Andrey', driverPhone='(063)306-01-13', price=89.59, distance=9918.0, createTime=2016-06-25T09:57:25.127, orderStatus=IN_PROGRESS}
2016-06-26 20:59:32 TRACE Server:51 - Send object N: 9
2016-06-26 21:00:04 ERROR Server:54 - Exception caught when trying to listen on port 8080 or listening for a connection
java.io.EOFException
	at java.io.ObjectInputStream$BlockDataInputStream.peekByte(ObjectInputStream.java:2626)
	at java.io.ObjectInputStream.readObject0(ObjectInputStream.java:1321)
	at java.io.ObjectInputStream.readObject(ObjectInputStream.java:373)
	at ua.taxi.remote.Server.run(Server.java:47)
	at ua.taxi.remote.Server.<init>(Server.java:37)
	at ua.taxi.remote.Server.main(Server.java:74)
	at sun.reflect.NativeMethodAccessorImpl.invoke0(Native Method)
	at sun.reflect.NativeMethodAccessorImpl.invoke(NativeMethodAccessorImpl.java:62)
	at sun.reflect.DelegatingMethodAccessorImpl.invoke(DelegatingMethodAccessorImpl.java:43)
	at java.lang.reflect.Method.invoke(Method.java:498)
	at com.intellij.rt.execution.application.AppMain.main(AppMain.java:144)
2016-06-26 21:00:04 INFO  AppDB:105 - saved all Users
2016-06-26 21:00:04 INFO  AppDB:123 - saved all Orders
2016-06-26 21:00:04 INFO  AppDB:141 - saved BlackList
2016-06-26 21:00:45 INFO  AppDB:26 - init AppDB
2016-06-26 21:00:45 INFO  AppDB:132 - all Orders loaded
2016-06-26 21:00:45 INFO  AppDB:114 - all Users loaded
2016-06-26 21:00:45 INFO  AppDB:150 - BlackList Loaded
2016-06-26 21:00:45 INFO  OrderServiceImpl:29 - init OrderServiceImpl
2016-06-26 21:00:45 INFO  UserServiceImpl:21 - init UserServiceImpl
2016-06-26 21:00:45 INFO  Server:36 - Start TaxiApp Server 
 Port: 8080
2016-06-26 21:00:49 TRACE OrderServiceImpl:138 - getNewOrders size:1
2016-06-26 21:00:49 TRACE Server:51 - Send object N: 1
2016-06-26 21:00:50 TRACE OrderServiceImpl:180 - getStatusCounterMap:  newOrder:1; done: 1; inProgress: 1
2016-06-26 21:00:50 TRACE Server:51 - Send object N: 2
2016-06-26 21:00:50 TRACE OrderServiceImpl:106 - ordersRegisteredQuantity: 3
2016-06-26 21:00:50 TRACE Server:51 - Send object N: 3
2016-06-26 21:00:50 TRACE UserServiceImpl:62 - driverRegisteredQuantity: 4
2016-06-26 21:00:50 TRACE Server:51 - Send object N: 4
2016-06-26 21:00:50 TRACE UserServiceImpl:75 - passangerRegisteredQuantity: 4
2016-06-26 21:00:50 TRACE Server:51 - Send object N: 5
2016-06-26 21:00:50 TRACE UserServiceImpl:75 - passangerRegisteredQuantity: 4
2016-06-26 21:00:50 TRACE Server:51 - Send object N: 6
2016-06-26 21:00:50 TRACE UserServiceImpl:62 - driverRegisteredQuantity: 4
2016-06-26 21:00:50 TRACE Server:51 - Send object N: 7
2016-06-26 21:01:06 TRACE UserServiceImpl:84 - login: Passanger{homeAdress=ул. Ентузиастов 27User{phone='(093)306-01-13', pass='******', name='Andrey'}}
2016-06-26 21:01:06 TRACE Server:51 - Send object N: 8
2016-06-26 21:01:06 TRACE OrderServiceImpl:58 - getOrderOrder{from=ул. Ентузиастов 27, to=Василькывська 3, userPhone='(093)306-01-13', userName='Andrey', driverPhone='(063)306-01-13', price=89.59, distance=9918.0, createTime=2016-06-25T09:57:25.127, orderStatus=IN_PROGRESS}
2016-06-26 21:01:06 TRACE Server:51 - Send object N: 9
2016-06-26 21:01:06 TRACE UserServiceImpl:127 - getUser: Driver{car=AA3254AE Daewoo LanosUser{phone='(063)306-01-13', pass='******', name='Lihach'}}
2016-06-26 21:01:06 TRACE Server:51 - Send object N: 10
2016-06-26 21:01:13 TRACE OrderServiceImpl:95 - Cancel Order:Order{from=ул. Ентузиастов 27, to=Василькывська 3, userPhone='(093)306-01-13', userName='Andrey', driverPhone='(063)306-01-13', price=89.59, distance=9918.0, createTime=2016-06-25T09:57:25.127, orderStatus=IN_PROGRESS}
2016-06-26 21:01:13 TRACE Server:51 - Send object N: 11
2016-06-26 21:01:14 TRACE OrderServiceImpl:180 - getStatusCounterMap:  newOrder:1; done: 1; inProgress: 0
2016-06-26 21:01:14 TRACE Server:51 - Send object N: 12
2016-06-26 21:01:14 TRACE OrderServiceImpl:106 - ordersRegisteredQuantity: 2
2016-06-26 21:01:14 TRACE Server:51 - Send object N: 13
2016-06-26 21:01:14 TRACE OrderServiceImpl:138 - getNewOrders size:1
2016-06-26 21:01:14 TRACE Server:51 - Send object N: 14
2016-06-26 21:01:30 TRACE UserServiceImpl:84 - login: Passanger{homeAdress=ул. Ентузиастов 27User{phone='(093)306-01-13', pass='******', name='Andrey'}}
2016-06-26 21:01:30 TRACE Server:51 - Send object N: 15
2016-06-26 21:01:30 WARN  OrderServiceImpl:61 - Get Order. You don`t have any orders
2016-06-26 21:01:30 TRACE Server:51 - Send object N: 16
2016-06-26 21:02:05 TRACE OrderServiceImpl:191 - getDistance: from ул. Ентузиастов 27  to  Закревського 95 = 13298,000000
2016-06-26 21:02:05 TRACE Server:51 - Send object N: 17
2016-06-26 21:02:05 TRACE OrderServiceImpl:191 - getDistance: from ул. Ентузиастов 27  to  Закревського 95 = 13298,000000
2016-06-26 21:02:05 TRACE OrderServiceImpl:198 - getPrice: for distance 13298,000000 = 106,490000
2016-06-26 21:02:05 TRACE OrderServiceImpl:204 - getDistance: from ул. Ентузиастов 27  to  Закревського 95 = 106,490000
2016-06-26 21:02:05 TRACE Server:51 - Send object N: 18
2016-06-26 21:02:24 TRACE OrderServiceImpl:191 - getDistance: from ул. Ентузиастов 27  to  Закревського 95 = 13298,000000
2016-06-26 21:02:24 TRACE OrderServiceImpl:198 - getPrice: for distance 13298,000000 = 106,490000
2016-06-26 21:02:24 TRACE OrderServiceImpl:204 - getDistance: from ул. Ентузиастов 27  to  Закревського 95 = 106,490000
2016-06-26 21:02:25 TRACE OrderServiceImpl:191 - getDistance: from ул. Ентузиастов 27  to  Закревського 95 = 13298,000000
2016-06-26 21:02:25 TRACE OrderServiceImpl:40 - createOrder: Order{from=ул. Ентузиастов 27, to= Закревського 95, userPhone='(093)306-01-13', userName='Andrey', driverPhone='', price=106.49, distance=13298.0, createTime=2016-06-26T21:02:25.165, orderStatus=NEW}
2016-06-26 21:02:25 TRACE Server:51 - Send object N: 19
2016-06-26 21:02:25 TRACE OrderServiceImpl:180 - getStatusCounterMap:  newOrder:2; done: 1; inProgress: 0
2016-06-26 21:02:25 TRACE Server:51 - Send object N: 20
2016-06-26 21:02:25 TRACE OrderServiceImpl:106 - ordersRegisteredQuantity: 3
2016-06-26 21:02:25 TRACE Server:51 - Send object N: 21
2016-06-26 21:02:25 TRACE OrderServiceImpl:138 - getNewOrders size:2
2016-06-26 21:02:25 TRACE Server:51 - Send object N: 22
2016-06-26 21:02:46 ERROR Server:54 - Exception caught when trying to listen on port 8080 or listening for a connection
java.io.EOFException
	at java.io.ObjectInputStream$BlockDataInputStream.peekByte(ObjectInputStream.java:2626)
	at java.io.ObjectInputStream.readObject0(ObjectInputStream.java:1321)
	at java.io.ObjectInputStream.readObject(ObjectInputStream.java:373)
	at ua.taxi.remote.Server.run(Server.java:47)
	at ua.taxi.remote.Server.<init>(Server.java:37)
	at ua.taxi.remote.Server.main(Server.java:74)
	at sun.reflect.NativeMethodAccessorImpl.invoke0(Native Method)
	at sun.reflect.NativeMethodAccessorImpl.invoke(NativeMethodAccessorImpl.java:62)
	at sun.reflect.DelegatingMethodAccessorImpl.invoke(DelegatingMethodAccessorImpl.java:43)
	at java.lang.reflect.Method.invoke(Method.java:498)
	at com.intellij.rt.execution.application.AppMain.main(AppMain.java:144)
2016-06-26 21:02:47 INFO  AppDB:105 - saved all Users
2016-06-26 21:02:47 INFO  AppDB:123 - saved all Orders
2016-06-26 21:02:47 INFO  AppDB:141 - saved BlackList
